<?xml version="1.0" encoding="UTF-8"?>
<!-- Generated by org.testng.reporters.JUnitReportReporter -->
<testsuite hostname="CHN1-LHP-N81687" failures="0" tests="1" name="demo.LoginApp_Test" time="2.432" errors="0" timestamp="2022-04-13T15:37:25 IST" skipped="0">
  <testcase classname="demo.LoginApp_Test" name="test" time="2.432"/>
  <system-out/>
</testsuite> <!-- demo.LoginApp_Test -->
